2023/04/30 17:31:24 Received {c0 n0 {"type":"init","node_id":"n0","node_ids":["n0"],"msg_id":1}}
2023/04/30 17:31:24 Node n0 initialized
2023/04/30 17:31:24 Sent {"src":"n0","dest":"c0","body":{"in_reply_to":1,"type":"init_ok"}}
2023/04/30 17:31:24 Received {c2 n0 {"echo":"Please echo 96","type":"echo","msg_id":1}}
2023/04/30 17:31:24 Sent {"src":"n0","dest":"c2","body":{"echo":"Please echo 96","id":"5b9d2418-e79e-11ed-ab3e-6003089eb06e","in_reply_to":1,"msg_id":1,"type":"generate_ok"}}
2023/04/30 17:31:24 Received {c3 n0 {"echo":"Please echo 122","type":"echo","msg_id":1}}
2023/04/30 17:31:24 Sent {"src":"n0","dest":"c3","body":{"echo":"Please echo 122","id":"5bbdb41c-e79e-11ed-ab3e-6003089eb06e","in_reply_to":1,"msg_id":1,"type":"generate_ok"}}
2023/04/30 17:31:25 Received {c4 n0 {"echo":"Please echo 81","type":"echo","msg_id":1}}
2023/04/30 17:31:25 Sent {"src":"n0","dest":"c4","body":{"echo":"Please echo 81","id":"5bf3354c-e79e-11ed-ab3e-6003089eb06e","in_reply_to":1,"msg_id":1,"type":"generate_ok"}}
2023/04/30 17:31:25 Received {c5 n0 {"echo":"Please echo 78","type":"echo","msg_id":1}}
2023/04/30 17:31:25 Sent {"src":"n0","dest":"c5","body":{"echo":"Please echo 78","id":"5c1f72f6-e79e-11ed-ab3e-6003089eb06e","in_reply_to":1,"msg_id":1,"type":"generate_ok"}}
2023/04/30 17:31:25 Received {c6 n0 {"echo":"Please echo 82","type":"echo","msg_id":1}}
2023/04/30 17:31:25 Sent {"src":"n0","dest":"c6","body":{"echo":"Please echo 82","id":"5c3d09b0-e79e-11ed-ab3e-6003089eb06e","in_reply_to":1,"msg_id":1,"type":"generate_ok"}}
2023/04/30 17:31:25 Received {c7 n0 {"echo":"Please echo 90","type":"echo","msg_id":1}}
2023/04/30 17:31:25 Sent {"src":"n0","dest":"c7","body":{"echo":"Please echo 90","id":"5c51c198-e79e-11ed-ab3e-6003089eb06e","in_reply_to":1,"msg_id":1,"type":"generate_ok"}}
2023/04/30 17:31:26 Received {c8 n0 {"echo":"Please echo 57","type":"echo","msg_id":1}}
2023/04/30 17:31:26 Sent {"src":"n0","dest":"c8","body":{"echo":"Please echo 57","id":"5c7aa860-e79e-11ed-ab3e-6003089eb06e","in_reply_to":1,"msg_id":1,"type":"generate_ok"}}
2023/04/30 17:31:26 Received {c9 n0 {"echo":"Please echo 76","type":"echo","msg_id":1}}
2023/04/30 17:31:26 Sent {"src":"n0","dest":"c9","body":{"echo":"Please echo 76","id":"5ca76e0e-e79e-11ed-ab3e-6003089eb06e","in_reply_to":1,"msg_id":1,"type":"generate_ok"}}
2023/04/30 17:31:26 Received {c10 n0 {"echo":"Please echo 83","type":"echo","msg_id":1}}
2023/04/30 17:31:26 Sent {"src":"n0","dest":"c10","body":{"echo":"Please echo 83","id":"5cd938c6-e79e-11ed-ab3e-6003089eb06e","in_reply_to":1,"msg_id":1,"type":"generate_ok"}}
2023/04/30 17:31:26 Received {c11 n0 {"echo":"Please echo 106","type":"echo","msg_id":1}}
2023/04/30 17:31:26 Sent {"src":"n0","dest":"c11","body":{"echo":"Please echo 106","id":"5cfbfd52-e79e-11ed-ab3e-6003089eb06e","in_reply_to":1,"msg_id":1,"type":"generate_ok"}}
2023/04/30 17:31:27 Received {c12 n0 {"echo":"Please echo 4","type":"echo","msg_id":1}}
2023/04/30 17:31:27 Sent {"src":"n0","dest":"c12","body":{"echo":"Please echo 4","id":"5d2ce20a-e79e-11ed-ab3e-6003089eb06e","in_reply_to":1,"msg_id":1,"type":"generate_ok"}}
2023/04/30 17:31:27 Received {c13 n0 {"echo":"Please echo 8","type":"echo","msg_id":1}}
2023/04/30 17:31:27 Sent {"src":"n0","dest":"c13","body":{"echo":"Please echo 8","id":"5d4704f0-e79e-11ed-ab3e-6003089eb06e","in_reply_to":1,"msg_id":1,"type":"generate_ok"}}
2023/04/30 17:31:27 Received {c14 n0 {"echo":"Please echo 73","type":"echo","msg_id":1}}
2023/04/30 17:31:27 Sent {"src":"n0","dest":"c14","body":{"echo":"Please echo 73","id":"5d668c4e-e79e-11ed-ab3e-6003089eb06e","in_reply_to":1,"msg_id":1,"type":"generate_ok"}}
2023/04/30 17:31:27 Received {c15 n0 {"echo":"Please echo 27","type":"echo","msg_id":1}}
2023/04/30 17:31:27 Sent {"src":"n0","dest":"c15","body":{"echo":"Please echo 27","id":"5d9063ac-e79e-11ed-ab3e-6003089eb06e","in_reply_to":1,"msg_id":1,"type":"generate_ok"}}
2023/04/30 17:31:28 Received {c16 n0 {"echo":"Please echo 97","type":"echo","msg_id":1}}
2023/04/30 17:31:28 Sent {"src":"n0","dest":"c16","body":{"echo":"Please echo 97","id":"5dba0b44-e79e-11ed-ab3e-6003089eb06e","in_reply_to":1,"msg_id":1,"type":"generate_ok"}}
2023/04/30 17:31:28 Received {c17 n0 {"echo":"Please echo 116","type":"echo","msg_id":1}}
2023/04/30 17:31:28 Sent {"src":"n0","dest":"c17","body":{"echo":"Please echo 116","id":"5dc9753e-e79e-11ed-ab3e-6003089eb06e","in_reply_to":1,"msg_id":1,"type":"generate_ok"}}
2023/04/30 17:31:28 Received {c18 n0 {"echo":"Please echo 11","type":"echo","msg_id":1}}
2023/04/30 17:31:28 Sent {"src":"n0","dest":"c18","body":{"echo":"Please echo 11","id":"5de521f8-e79e-11ed-ab3e-6003089eb06e","in_reply_to":1,"msg_id":1,"type":"generate_ok"}}
2023/04/30 17:31:28 Received {c19 n0 {"echo":"Please echo 109","type":"echo","msg_id":1}}
2023/04/30 17:31:28 Sent {"src":"n0","dest":"c19","body":{"echo":"Please echo 109","id":"5df6225a-e79e-11ed-ab3e-6003089eb06e","in_reply_to":1,"msg_id":1,"type":"generate_ok"}}
2023/04/30 17:31:28 Received {c20 n0 {"echo":"Please echo 82","type":"echo","msg_id":1}}
2023/04/30 17:31:28 Sent {"src":"n0","dest":"c20","body":{"echo":"Please echo 82","id":"5e2ced44-e79e-11ed-ab3e-6003089eb06e","in_reply_to":1,"msg_id":1,"type":"generate_ok"}}
2023/04/30 17:31:29 Received {c21 n0 {"echo":"Please echo 54","type":"echo","msg_id":1}}
2023/04/30 17:31:29 Sent {"src":"n0","dest":"c21","body":{"echo":"Please echo 54","id":"5e5a654e-e79e-11ed-ab3e-6003089eb06e","in_reply_to":1,"msg_id":1,"type":"generate_ok"}}
2023/04/30 17:31:29 Received {c22 n0 {"echo":"Please echo 98","type":"echo","msg_id":1}}
2023/04/30 17:31:29 Sent {"src":"n0","dest":"c22","body":{"echo":"Please echo 98","id":"5e8f1816-e79e-11ed-ab3e-6003089eb06e","in_reply_to":1,"msg_id":1,"type":"generate_ok"}}
2023/04/30 17:31:29 Received {c23 n0 {"echo":"Please echo 99","type":"echo","msg_id":1}}
2023/04/30 17:31:29 Sent {"src":"n0","dest":"c23","body":{"echo":"Please echo 99","id":"5e910db0-e79e-11ed-ab3e-6003089eb06e","in_reply_to":1,"msg_id":1,"type":"generate_ok"}}
2023/04/30 17:31:29 Received {c24 n0 {"echo":"Please echo 71","type":"echo","msg_id":1}}
2023/04/30 17:31:29 Sent {"src":"n0","dest":"c24","body":{"echo":"Please echo 71","id":"5eb42dfe-e79e-11ed-ab3e-6003089eb06e","in_reply_to":1,"msg_id":1,"type":"generate_ok"}}
2023/04/30 17:31:29 Received {c25 n0 {"echo":"Please echo 66","type":"echo","msg_id":1}}
2023/04/30 17:31:29 Sent {"src":"n0","dest":"c25","body":{"echo":"Please echo 66","id":"5ebf5594-e79e-11ed-ab3e-6003089eb06e","in_reply_to":1,"msg_id":1,"type":"generate_ok"}}
2023/04/30 17:31:29 Received {c26 n0 {"echo":"Please echo 24","type":"echo","msg_id":1}}
2023/04/30 17:31:29 Sent {"src":"n0","dest":"c26","body":{"echo":"Please echo 24","id":"5ec96944-e79e-11ed-ab3e-6003089eb06e","in_reply_to":1,"msg_id":1,"type":"generate_ok"}}
2023/04/30 17:31:30 Received {c27 n0 {"echo":"Please echo 99","type":"echo","msg_id":1}}
2023/04/30 17:31:30 Sent {"src":"n0","dest":"c27","body":{"echo":"Please echo 99","id":"5ef47bd4-e79e-11ed-ab3e-6003089eb06e","in_reply_to":1,"msg_id":1,"type":"generate_ok"}}
2023/04/30 17:31:30 Received {c28 n0 {"echo":"Please echo 34","type":"echo","msg_id":1}}
2023/04/30 17:31:30 Sent {"src":"n0","dest":"c28","body":{"echo":"Please echo 34","id":"5f25b050-e79e-11ed-ab3e-6003089eb06e","in_reply_to":1,"msg_id":1,"type":"generate_ok"}}
2023/04/30 17:31:30 Received {c29 n0 {"echo":"Please echo 65","type":"echo","msg_id":1}}
2023/04/30 17:31:30 Sent {"src":"n0","dest":"c29","body":{"echo":"Please echo 65","id":"5f590a54-e79e-11ed-ab3e-6003089eb06e","in_reply_to":1,"msg_id":1,"type":"generate_ok"}}
2023/04/30 17:31:31 Received {c30 n0 {"echo":"Please echo 106","type":"echo","msg_id":1}}
2023/04/30 17:31:31 Sent {"src":"n0","dest":"c30","body":{"echo":"Please echo 106","id":"5f731d36-e79e-11ed-ab3e-6003089eb06e","in_reply_to":1,"msg_id":1,"type":"generate_ok"}}
2023/04/30 17:31:31 Received {c31 n0 {"echo":"Please echo 18","type":"echo","msg_id":1}}
2023/04/30 17:31:31 Sent {"src":"n0","dest":"c31","body":{"echo":"Please echo 18","id":"5f7f7176-e79e-11ed-ab3e-6003089eb06e","in_reply_to":1,"msg_id":1,"type":"generate_ok"}}
2023/04/30 17:31:31 Received {c32 n0 {"echo":"Please echo 11","type":"echo","msg_id":1}}
2023/04/30 17:31:31 Sent {"src":"n0","dest":"c32","body":{"echo":"Please echo 11","id":"5fb1b82a-e79e-11ed-ab3e-6003089eb06e","in_reply_to":1,"msg_id":1,"type":"generate_ok"}}
2023/04/30 17:31:31 Received {c33 n0 {"echo":"Please echo 64","type":"echo","msg_id":1}}
2023/04/30 17:31:31 Sent {"src":"n0","dest":"c33","body":{"echo":"Please echo 64","id":"5fc01c6c-e79e-11ed-ab3e-6003089eb06e","in_reply_to":1,"msg_id":1,"type":"generate_ok"}}
2023/04/30 17:31:31 Received {c34 n0 {"echo":"Please echo 47","type":"echo","msg_id":1}}
2023/04/30 17:31:31 Sent {"src":"n0","dest":"c34","body":{"echo":"Please echo 47","id":"5ff72798-e79e-11ed-ab3e-6003089eb06e","in_reply_to":1,"msg_id":1,"type":"generate_ok"}}
2023/04/30 17:31:32 Received {c35 n0 {"echo":"Please echo 15","type":"echo","msg_id":1}}
2023/04/30 17:31:32 Sent {"src":"n0","dest":"c35","body":{"echo":"Please echo 15","id":"60110b2c-e79e-11ed-ab3e-6003089eb06e","in_reply_to":1,"msg_id":1,"type":"generate_ok"}}
2023/04/30 17:31:32 Received {c36 n0 {"echo":"Please echo 67","type":"echo","msg_id":1}}
2023/04/30 17:31:32 Sent {"src":"n0","dest":"c36","body":{"echo":"Please echo 67","id":"601fe20a-e79e-11ed-ab3e-6003089eb06e","in_reply_to":1,"msg_id":1,"type":"generate_ok"}}
2023/04/30 17:31:32 Received {c37 n0 {"echo":"Please echo 125","type":"echo","msg_id":1}}
2023/04/30 17:31:32 Sent {"src":"n0","dest":"c37","body":{"echo":"Please echo 125","id":"603cbc90-e79e-11ed-ab3e-6003089eb06e","in_reply_to":1,"msg_id":1,"type":"generate_ok"}}
2023/04/30 17:31:32 Received {c38 n0 {"echo":"Please echo 60","type":"echo","msg_id":1}}
2023/04/30 17:31:32 Sent {"src":"n0","dest":"c38","body":{"echo":"Please echo 60","id":"6051ef20-e79e-11ed-ab3e-6003089eb06e","in_reply_to":1,"msg_id":1,"type":"generate_ok"}}
2023/04/30 17:31:32 Received {c39 n0 {"echo":"Please echo 102","type":"echo","msg_id":1}}
2023/04/30 17:31:32 Sent {"src":"n0","dest":"c39","body":{"echo":"Please echo 102","id":"607d2960-e79e-11ed-ab3e-6003089eb06e","in_reply_to":1,"msg_id":1,"type":"generate_ok"}}
2023/04/30 17:31:33 Received {c40 n0 {"echo":"Please echo 13","type":"echo","msg_id":1}}
2023/04/30 17:31:33 Sent {"src":"n0","dest":"c40","body":{"echo":"Please echo 13","id":"60a05912-e79e-11ed-ab3e-6003089eb06e","in_reply_to":1,"msg_id":1,"type":"generate_ok"}}
2023/04/30 17:31:33 Received {c41 n0 {"echo":"Please echo 118","type":"echo","msg_id":1}}
2023/04/30 17:31:33 Sent {"src":"n0","dest":"c41","body":{"echo":"Please echo 118","id":"60ae38e8-e79e-11ed-ab3e-6003089eb06e","in_reply_to":1,"msg_id":1,"type":"generate_ok"}}
2023/04/30 17:31:33 Received {c42 n0 {"echo":"Please echo 48","type":"echo","msg_id":1}}
2023/04/30 17:31:33 Sent {"src":"n0","dest":"c42","body":{"echo":"Please echo 48","id":"60ce38dc-e79e-11ed-ab3e-6003089eb06e","in_reply_to":1,"msg_id":1,"type":"generate_ok"}}
2023/04/30 17:31:33 Received {c43 n0 {"echo":"Please echo 98","type":"echo","msg_id":1}}
2023/04/30 17:31:33 Sent {"src":"n0","dest":"c43","body":{"echo":"Please echo 98","id":"610121ca-e79e-11ed-ab3e-6003089eb06e","in_reply_to":1,"msg_id":1,"type":"generate_ok"}}
2023/04/30 17:31:33 Received {c44 n0 {"echo":"Please echo 5","type":"echo","msg_id":1}}
2023/04/30 17:31:33 Sent {"src":"n0","dest":"c44","body":{"echo":"Please echo 5","id":"611bfa18-e79e-11ed-ab3e-6003089eb06e","in_reply_to":1,"msg_id":1,"type":"generate_ok"}}
2023/04/30 17:31:33 Received {c45 n0 {"echo":"Please echo 86","type":"echo","msg_id":1}}
2023/04/30 17:31:33 Sent {"src":"n0","dest":"c45","body":{"echo":"Please echo 86","id":"6122cd48-e79e-11ed-ab3e-6003089eb06e","in_reply_to":1,"msg_id":1,"type":"generate_ok"}}
2023/04/30 17:31:33 Received {c46 n0 {"echo":"Please echo 92","type":"echo","msg_id":1}}
2023/04/30 17:31:33 Sent {"src":"n0","dest":"c46","body":{"echo":"Please echo 92","id":"61261782-e79e-11ed-ab3e-6003089eb06e","in_reply_to":1,"msg_id":1,"type":"generate_ok"}}
2023/04/30 17:31:34 Received {c47 n0 {"echo":"Please echo 10","type":"echo","msg_id":1}}
2023/04/30 17:31:34 Sent {"src":"n0","dest":"c47","body":{"echo":"Please echo 10","id":"614a1650-e79e-11ed-ab3e-6003089eb06e","in_reply_to":1,"msg_id":1,"type":"generate_ok"}}
2023/04/30 17:31:34 Received {c48 n0 {"echo":"Please echo 125","type":"echo","msg_id":1}}
2023/04/30 17:31:34 Sent {"src":"n0","dest":"c48","body":{"echo":"Please echo 125","id":"61553a6c-e79e-11ed-ab3e-6003089eb06e","in_reply_to":1,"msg_id":1,"type":"generate_ok"}}
2023/04/30 17:31:34 Received {c49 n0 {"echo":"Please echo 46","type":"echo","msg_id":1}}
2023/04/30 17:31:34 Sent {"src":"n0","dest":"c49","body":{"echo":"Please echo 46","id":"617627ae-e79e-11ed-ab3e-6003089eb06e","in_reply_to":1,"msg_id":1,"type":"generate_ok"}}
2023/04/30 17:31:34 Received {c50 n0 {"echo":"Please echo 114","type":"echo","msg_id":1}}
2023/04/30 17:31:34 Sent {"src":"n0","dest":"c50","body":{"echo":"Please echo 114","id":"618390c4-e79e-11ed-ab3e-6003089eb06e","in_reply_to":1,"msg_id":1,"type":"generate_ok"}}
2023/04/30 17:31:34 Received {c51 n0 {"echo":"Please echo 0","type":"echo","msg_id":1}}
2023/04/30 17:31:34 Sent {"src":"n0","dest":"c51","body":{"echo":"Please echo 0","id":"6190f4ee-e79e-11ed-ab3e-6003089eb06e","in_reply_to":1,"msg_id":1,"type":"generate_ok"}}
