2023-04-30 17:35:06,405{GMT}	INFO	[jepsen test runner] jepsen.core: Command line:
lein run test -w echo --bin /Users/hangwang/code/go/src/bin/maelstrom-unique-id-generation --node-count 1 --time-limit 10
2023-04-30 17:35:06,466{GMT}	INFO	[jepsen test runner] jepsen.core: Running test:
{:args []
 :remote
 #jepsen.control.retry.Remote{:remote #jepsen.control.scp.Remote{:cmd-remote #jepsen.control.sshj.SSHJRemote{:concurrency-limit 6,
                                                                                                             :conn-spec nil,
                                                                                                             :client nil,
                                                                                                             :semaphore nil},
                                                                 :conn-spec nil},
                              :conn nil}
 :log-net-send false
 :node-count 1
 :availability nil
 :max-txn-length 4
 :concurrency 1
 :db
 #object[maelstrom.db$db$reify__16142
         "0x8d40f07"
         "maelstrom.db$db$reify__16142@8d40f07"]
 :max-writes-per-key 16
 :leave-db-running? false
 :name "echo"
 :logging-json? false
 :start-time
 #object[org.joda.time.DateTime "0x49d5b651" "2023-04-30T17:35:06.383-04:00"]
 :nemesis-interval 10
 :net
 #object[maelstrom.net$jepsen_net$reify__15251
         "0x34989ceb"
         "maelstrom.net$jepsen_net$reify__15251@34989ceb"]
 :client
 #object[maelstrom.workload.echo$client$reify__16863
         "0x61fb3dae"
         "maelstrom.workload.echo$client$reify__16863@61fb3dae"]
 :barrier
 #object[java.util.concurrent.CyclicBarrier
         "0x9c88323"
         "java.util.concurrent.CyclicBarrier@9c88323"]
 :log-stderr false
 :pure-generators true
 :ssh {:dummy? true}
 :rate 5
 :checker
 #object[jepsen.checker$compose$reify__11881
         "0x6d4bdb75"
         "jepsen.checker$compose$reify__11881@6d4bdb75"]
 :argv
 ("test"
  "-w"
  "echo"
  "--bin"
  "/Users/hangwang/code/go/src/bin/maelstrom-unique-id-generation"
  "--node-count"
  "1"
  "--time-limit"
  "10")
 :nemesis
 (jepsen.nemesis.ReflCompose
  {:fm {:start-partition 0,
        :stop-partition 0,
        :kill 1,
        :start 1,
        :pause 1,
        :resume 1},
   :nemeses [#unprintable "jepsen.nemesis.combined$partition_nemesis$reify__16416@1dc47df3"
             #unprintable "jepsen.nemesis.combined$db_nemesis$reify__16397@256a25a8"]})
 :nodes ["n0"]
 :test-count 1
 :latency {:mean 0, :dist :constant}
 :bin "/Users/hangwang/code/go/src/bin/maelstrom-unique-id-generation"
 :generator
 (jepsen.generator.TimeLimit
  {:limit 10000000000,
   :cutoff nil,
   :gen (jepsen.generator.Any
         {:gens [(jepsen.generator.OnThreads
                  {:f #{:nemesis},
                   :context-filter #object[jepsen.generator.context$make_thread_filter$lazy_filter__9167
                                           "0x6dd0e2f4"
                                           "jepsen.generator.context$make_thread_filter$lazy_filter__9167@6dd0e2f4"],
                   :gen nil})
                 (jepsen.generator.OnThreads
                  {:f #jepsen.generator.context.AllBut{:element :nemesis},
                   :context-filter #object[jepsen.generator.context$make_thread_filter$lazy_filter__9167
                                           "0x333813e7"
                                           "jepsen.generator.context$make_thread_filter$lazy_filter__9167@333813e7"],
                   :gen (jepsen.generator.Stagger
                         {:dt 400000000,
                          :next-time nil,
                          :gen (jepsen.generator.EachThread
                                {:fresh-gen #object[maelstrom.workload.echo$workload$fn__16882
                                                    "0x292237cd"
                                                    "maelstrom.workload.echo$workload$fn__16882@292237cd"],
                                 :context-filters #object[clojure.core$promise$reify__8591
                                                          "0x797a5b31"
                                                          {:status :pending,
                                                           :val nil}],
                                 :gens {}})})})]})})
 :log-net-recv false
 :os
 #object[maelstrom.net$jepsen_os$reify__15254
         "0x13d7d1a8"
         "maelstrom.net$jepsen_os$reify__15254@13d7d1a8"]
 :time-limit 10
 :workload :echo
 :consistency-models [:strict-serializable]
 :topology :grid}

2023-04-30 17:35:08,384{GMT}	INFO	[jepsen node n0] maelstrom.net: Starting Maelstrom network
2023-04-30 17:35:08,385{GMT}	INFO	[jepsen test runner] jepsen.db: Tearing down DB
2023-04-30 17:35:08,387{GMT}	INFO	[jepsen test runner] jepsen.db: Setting up DB
2023-04-30 17:35:08,389{GMT}	INFO	[jepsen node n0] maelstrom.service: Starting services: (lin-kv lin-tso lww-kv seq-kv)
2023-04-30 17:35:08,391{GMT}	INFO	[jepsen node n0] maelstrom.db: Setting up n0
2023-04-30 17:35:08,392{GMT}	INFO	[jepsen node n0] maelstrom.process: launching /Users/hangwang/code/go/src/bin/maelstrom-unique-id-generation []
2023-04-30 17:35:08,535{GMT}	INFO	[jepsen test runner] jepsen.core: Relative time begins now
2023-04-30 17:35:08,550{GMT}	INFO	[jepsen worker 0] jepsen.util: 0	:invoke	:echo	"Please echo 29"
2023-04-30 17:35:08,556{GMT}	INFO	[jepsen worker 0] jepsen.util: 0	:ok	:echo	{:echo "Please echo 29", :in_reply_to 1, :msg_id 1, :type "echo_ok"}
2023-04-30 17:35:08,833{GMT}	INFO	[jepsen worker 0] jepsen.util: 0	:invoke	:echo	"Please echo 60"
2023-04-30 17:35:08,835{GMT}	INFO	[jepsen worker 0] jepsen.util: 0	:ok	:echo	{:echo "Please echo 60", :in_reply_to 2, :msg_id 2, :type "echo_ok"}
2023-04-30 17:35:09,097{GMT}	INFO	[jepsen worker 0] jepsen.util: 0	:invoke	:echo	"Please echo 58"
2023-04-30 17:35:09,099{GMT}	INFO	[jepsen worker 0] jepsen.util: 0	:ok	:echo	{:echo "Please echo 58", :in_reply_to 3, :msg_id 3, :type "echo_ok"}
2023-04-30 17:35:09,370{GMT}	INFO	[jepsen worker 0] jepsen.util: 0	:invoke	:echo	"Please echo 44"
2023-04-30 17:35:09,372{GMT}	INFO	[jepsen worker 0] jepsen.util: 0	:ok	:echo	{:echo "Please echo 44", :in_reply_to 4, :msg_id 4, :type "echo_ok"}
2023-04-30 17:35:09,483{GMT}	INFO	[jepsen worker 0] jepsen.util: 0	:invoke	:echo	"Please echo 44"
2023-04-30 17:35:09,486{GMT}	INFO	[jepsen worker 0] jepsen.util: 0	:ok	:echo	{:echo "Please echo 44", :in_reply_to 5, :msg_id 5, :type "echo_ok"}
2023-04-30 17:35:09,731{GMT}	INFO	[jepsen worker 0] jepsen.util: 0	:invoke	:echo	"Please echo 49"
2023-04-30 17:35:09,733{GMT}	INFO	[jepsen worker 0] jepsen.util: 0	:ok	:echo	{:echo "Please echo 49", :in_reply_to 6, :msg_id 6, :type "echo_ok"}
2023-04-30 17:35:09,740{GMT}	INFO	[jepsen worker 0] jepsen.util: 0	:invoke	:echo	"Please echo 6"
2023-04-30 17:35:09,741{GMT}	INFO	[jepsen worker 0] jepsen.util: 0	:ok	:echo	{:echo "Please echo 6", :in_reply_to 7, :msg_id 7, :type "echo_ok"}
2023-04-30 17:35:09,845{GMT}	INFO	[jepsen worker 0] jepsen.util: 0	:invoke	:echo	"Please echo 41"
2023-04-30 17:35:09,847{GMT}	INFO	[jepsen worker 0] jepsen.util: 0	:ok	:echo	{:echo "Please echo 41", :in_reply_to 8, :msg_id 8, :type "echo_ok"}
2023-04-30 17:35:10,079{GMT}	INFO	[jepsen worker 0] jepsen.util: 0	:invoke	:echo	"Please echo 17"
2023-04-30 17:35:10,082{GMT}	INFO	[jepsen worker 0] jepsen.util: 0	:ok	:echo	{:echo "Please echo 17", :in_reply_to 9, :msg_id 9, :type "echo_ok"}
2023-04-30 17:35:10,413{GMT}	INFO	[jepsen worker 0] jepsen.util: 0	:invoke	:echo	"Please echo 43"
2023-04-30 17:35:10,415{GMT}	INFO	[jepsen worker 0] jepsen.util: 0	:ok	:echo	{:echo "Please echo 43", :in_reply_to 10, :msg_id 10, :type "echo_ok"}
2023-04-30 17:35:10,456{GMT}	INFO	[jepsen worker 0] jepsen.util: 0	:invoke	:echo	"Please echo 29"
2023-04-30 17:35:10,458{GMT}	INFO	[jepsen worker 0] jepsen.util: 0	:ok	:echo	{:echo "Please echo 29", :in_reply_to 11, :msg_id 11, :type "echo_ok"}
2023-04-30 17:35:10,771{GMT}	INFO	[jepsen worker 0] jepsen.util: 0	:invoke	:echo	"Please echo 52"
2023-04-30 17:35:10,773{GMT}	INFO	[jepsen worker 0] jepsen.util: 0	:ok	:echo	{:echo "Please echo 52", :in_reply_to 12, :msg_id 12, :type "echo_ok"}
2023-04-30 17:35:10,844{GMT}	INFO	[jepsen worker 0] jepsen.util: 0	:invoke	:echo	"Please echo 23"
2023-04-30 17:35:10,846{GMT}	INFO	[jepsen worker 0] jepsen.util: 0	:ok	:echo	{:echo "Please echo 23", :in_reply_to 13, :msg_id 13, :type "echo_ok"}
2023-04-30 17:35:11,175{GMT}	INFO	[jepsen worker 0] jepsen.util: 0	:invoke	:echo	"Please echo 63"
2023-04-30 17:35:11,178{GMT}	INFO	[jepsen worker 0] jepsen.util: 0	:ok	:echo	{:echo "Please echo 63", :in_reply_to 14, :msg_id 14, :type "echo_ok"}
2023-04-30 17:35:11,514{GMT}	INFO	[jepsen worker 0] jepsen.util: 0	:invoke	:echo	"Please echo 56"
2023-04-30 17:35:11,516{GMT}	INFO	[jepsen worker 0] jepsen.util: 0	:ok	:echo	{:echo "Please echo 56", :in_reply_to 15, :msg_id 15, :type "echo_ok"}
2023-04-30 17:35:11,886{GMT}	INFO	[jepsen worker 0] jepsen.util: 0	:invoke	:echo	"Please echo 74"
2023-04-30 17:35:11,888{GMT}	INFO	[jepsen worker 0] jepsen.util: 0	:ok	:echo	{:echo "Please echo 74", :in_reply_to 16, :msg_id 16, :type "echo_ok"}
2023-04-30 17:35:12,208{GMT}	INFO	[jepsen worker 0] jepsen.util: 0	:invoke	:echo	"Please echo 108"
2023-04-30 17:35:12,210{GMT}	INFO	[jepsen worker 0] jepsen.util: 0	:ok	:echo	{:echo "Please echo 108", :in_reply_to 17, :msg_id 17, :type "echo_ok"}
2023-04-30 17:35:12,611{GMT}	INFO	[jepsen worker 0] jepsen.util: 0	:invoke	:echo	"Please echo 67"
2023-04-30 17:35:12,614{GMT}	INFO	[jepsen worker 0] jepsen.util: 0	:ok	:echo	{:echo "Please echo 67", :in_reply_to 18, :msg_id 18, :type "echo_ok"}
2023-04-30 17:35:12,711{GMT}	INFO	[jepsen worker 0] jepsen.util: 0	:invoke	:echo	"Please echo 108"
2023-04-30 17:35:12,713{GMT}	INFO	[jepsen worker 0] jepsen.util: 0	:ok	:echo	{:echo "Please echo 108", :in_reply_to 19, :msg_id 19, :type "echo_ok"}
2023-04-30 17:35:12,741{GMT}	INFO	[jepsen worker 0] jepsen.util: 0	:invoke	:echo	"Please echo 11"
2023-04-30 17:35:12,744{GMT}	INFO	[jepsen worker 0] jepsen.util: 0	:ok	:echo	{:echo "Please echo 11", :in_reply_to 20, :msg_id 20, :type "echo_ok"}
2023-04-30 17:35:12,958{GMT}	INFO	[jepsen worker 0] jepsen.util: 0	:invoke	:echo	"Please echo 85"
2023-04-30 17:35:12,960{GMT}	INFO	[jepsen worker 0] jepsen.util: 0	:ok	:echo	{:echo "Please echo 85", :in_reply_to 21, :msg_id 21, :type "echo_ok"}
2023-04-30 17:35:13,118{GMT}	INFO	[jepsen worker 0] jepsen.util: 0	:invoke	:echo	"Please echo 22"
2023-04-30 17:35:13,120{GMT}	INFO	[jepsen worker 0] jepsen.util: 0	:ok	:echo	{:echo "Please echo 22", :in_reply_to 22, :msg_id 22, :type "echo_ok"}
2023-04-30 17:35:13,175{GMT}	INFO	[jepsen worker 0] jepsen.util: 0	:invoke	:echo	"Please echo 123"
2023-04-30 17:35:13,177{GMT}	INFO	[jepsen worker 0] jepsen.util: 0	:ok	:echo	{:echo "Please echo 123", :in_reply_to 23, :msg_id 23, :type "echo_ok"}
2023-04-30 17:35:13,277{GMT}	INFO	[jepsen worker 0] jepsen.util: 0	:invoke	:echo	"Please echo 12"
2023-04-30 17:35:13,279{GMT}	INFO	[jepsen worker 0] jepsen.util: 0	:ok	:echo	{:echo "Please echo 12", :in_reply_to 24, :msg_id 24, :type "echo_ok"}
2023-04-30 17:35:13,403{GMT}	INFO	[jepsen worker 0] jepsen.util: 0	:invoke	:echo	"Please echo 53"
2023-04-30 17:35:13,406{GMT}	INFO	[jepsen worker 0] jepsen.util: 0	:ok	:echo	{:echo "Please echo 53", :in_reply_to 25, :msg_id 25, :type "echo_ok"}
2023-04-30 17:35:13,703{GMT}	INFO	[jepsen worker 0] jepsen.util: 0	:invoke	:echo	"Please echo 67"
2023-04-30 17:35:13,705{GMT}	INFO	[jepsen worker 0] jepsen.util: 0	:ok	:echo	{:echo "Please echo 67", :in_reply_to 26, :msg_id 26, :type "echo_ok"}
2023-04-30 17:35:13,825{GMT}	INFO	[jepsen worker 0] jepsen.util: 0	:invoke	:echo	"Please echo 76"
2023-04-30 17:35:13,827{GMT}	INFO	[jepsen worker 0] jepsen.util: 0	:ok	:echo	{:echo "Please echo 76", :in_reply_to 27, :msg_id 27, :type "echo_ok"}
2023-04-30 17:35:14,030{GMT}	INFO	[jepsen worker 0] jepsen.util: 0	:invoke	:echo	"Please echo 95"
2023-04-30 17:35:14,032{GMT}	INFO	[jepsen worker 0] jepsen.util: 0	:ok	:echo	{:echo "Please echo 95", :in_reply_to 28, :msg_id 28, :type "echo_ok"}
2023-04-30 17:35:14,206{GMT}	INFO	[jepsen worker 0] jepsen.util: 0	:invoke	:echo	"Please echo 94"
2023-04-30 17:35:14,209{GMT}	INFO	[jepsen worker 0] jepsen.util: 0	:ok	:echo	{:echo "Please echo 94", :in_reply_to 29, :msg_id 29, :type "echo_ok"}
2023-04-30 17:35:14,375{GMT}	INFO	[jepsen worker 0] jepsen.util: 0	:invoke	:echo	"Please echo 111"
2023-04-30 17:35:14,377{GMT}	INFO	[jepsen worker 0] jepsen.util: 0	:ok	:echo	{:echo "Please echo 111", :in_reply_to 30, :msg_id 30, :type "echo_ok"}
2023-04-30 17:35:14,473{GMT}	INFO	[jepsen worker 0] jepsen.util: 0	:invoke	:echo	"Please echo 23"
2023-04-30 17:35:14,475{GMT}	INFO	[jepsen worker 0] jepsen.util: 0	:ok	:echo	{:echo "Please echo 23", :in_reply_to 31, :msg_id 31, :type "echo_ok"}
2023-04-30 17:35:14,519{GMT}	INFO	[jepsen worker 0] jepsen.util: 0	:invoke	:echo	"Please echo 93"
2023-04-30 17:35:14,522{GMT}	INFO	[jepsen worker 0] jepsen.util: 0	:ok	:echo	{:echo "Please echo 93", :in_reply_to 32, :msg_id 32, :type "echo_ok"}
2023-04-30 17:35:14,736{GMT}	INFO	[jepsen worker 0] jepsen.util: 0	:invoke	:echo	"Please echo 66"
2023-04-30 17:35:14,738{GMT}	INFO	[jepsen worker 0] jepsen.util: 0	:ok	:echo	{:echo "Please echo 66", :in_reply_to 33, :msg_id 33, :type "echo_ok"}
2023-04-30 17:35:15,029{GMT}	INFO	[jepsen worker 0] jepsen.util: 0	:invoke	:echo	"Please echo 76"
2023-04-30 17:35:15,031{GMT}	INFO	[jepsen worker 0] jepsen.util: 0	:ok	:echo	{:echo "Please echo 76", :in_reply_to 34, :msg_id 34, :type "echo_ok"}
2023-04-30 17:35:15,176{GMT}	INFO	[jepsen worker 0] jepsen.util: 0	:invoke	:echo	"Please echo 117"
2023-04-30 17:35:15,178{GMT}	INFO	[jepsen worker 0] jepsen.util: 0	:ok	:echo	{:echo "Please echo 117", :in_reply_to 35, :msg_id 35, :type "echo_ok"}
2023-04-30 17:35:15,402{GMT}	INFO	[jepsen worker 0] jepsen.util: 0	:invoke	:echo	"Please echo 107"
2023-04-30 17:35:15,404{GMT}	INFO	[jepsen worker 0] jepsen.util: 0	:ok	:echo	{:echo "Please echo 107", :in_reply_to 36, :msg_id 36, :type "echo_ok"}
2023-04-30 17:35:15,473{GMT}	INFO	[jepsen worker 0] jepsen.util: 0	:invoke	:echo	"Please echo 82"
2023-04-30 17:35:15,475{GMT}	INFO	[jepsen worker 0] jepsen.util: 0	:ok	:echo	{:echo "Please echo 82", :in_reply_to 37, :msg_id 37, :type "echo_ok"}
2023-04-30 17:35:15,845{GMT}	INFO	[jepsen worker 0] jepsen.util: 0	:invoke	:echo	"Please echo 72"
2023-04-30 17:35:15,847{GMT}	INFO	[jepsen worker 0] jepsen.util: 0	:ok	:echo	{:echo "Please echo 72", :in_reply_to 38, :msg_id 38, :type "echo_ok"}
2023-04-30 17:35:16,191{GMT}	INFO	[jepsen worker 0] jepsen.util: 0	:invoke	:echo	"Please echo 32"
2023-04-30 17:35:16,193{GMT}	INFO	[jepsen worker 0] jepsen.util: 0	:ok	:echo	{:echo "Please echo 32", :in_reply_to 39, :msg_id 39, :type "echo_ok"}
2023-04-30 17:35:16,276{GMT}	INFO	[jepsen worker 0] jepsen.util: 0	:invoke	:echo	"Please echo 17"
2023-04-30 17:35:16,278{GMT}	INFO	[jepsen worker 0] jepsen.util: 0	:ok	:echo	{:echo "Please echo 17", :in_reply_to 40, :msg_id 40, :type "echo_ok"}
2023-04-30 17:35:16,595{GMT}	INFO	[jepsen worker 0] jepsen.util: 0	:invoke	:echo	"Please echo 93"
2023-04-30 17:35:16,597{GMT}	INFO	[jepsen worker 0] jepsen.util: 0	:ok	:echo	{:echo "Please echo 93", :in_reply_to 41, :msg_id 41, :type "echo_ok"}
2023-04-30 17:35:16,848{GMT}	INFO	[jepsen worker 0] jepsen.util: 0	:invoke	:echo	"Please echo 103"
2023-04-30 17:35:16,850{GMT}	INFO	[jepsen worker 0] jepsen.util: 0	:ok	:echo	{:echo "Please echo 103", :in_reply_to 42, :msg_id 42, :type "echo_ok"}
2023-04-30 17:35:16,896{GMT}	INFO	[jepsen worker 0] jepsen.util: 0	:invoke	:echo	"Please echo 76"
2023-04-30 17:35:16,898{GMT}	INFO	[jepsen worker 0] jepsen.util: 0	:ok	:echo	{:echo "Please echo 76", :in_reply_to 43, :msg_id 43, :type "echo_ok"}
2023-04-30 17:35:17,001{GMT}	INFO	[jepsen worker 0] jepsen.util: 0	:invoke	:echo	"Please echo 86"
2023-04-30 17:35:17,003{GMT}	INFO	[jepsen worker 0] jepsen.util: 0	:ok	:echo	{:echo "Please echo 86", :in_reply_to 44, :msg_id 44, :type "echo_ok"}
2023-04-30 17:35:17,369{GMT}	INFO	[jepsen worker 0] jepsen.util: 0	:invoke	:echo	"Please echo 106"
2023-04-30 17:35:17,371{GMT}	INFO	[jepsen worker 0] jepsen.util: 0	:ok	:echo	{:echo "Please echo 106", :in_reply_to 45, :msg_id 45, :type "echo_ok"}
2023-04-30 17:35:17,611{GMT}	INFO	[jepsen worker 0] jepsen.util: 0	:invoke	:echo	"Please echo 73"
2023-04-30 17:35:17,613{GMT}	INFO	[jepsen worker 0] jepsen.util: 0	:ok	:echo	{:echo "Please echo 73", :in_reply_to 46, :msg_id 46, :type "echo_ok"}
2023-04-30 17:35:17,839{GMT}	INFO	[jepsen worker 0] jepsen.util: 0	:invoke	:echo	"Please echo 53"
2023-04-30 17:35:17,841{GMT}	INFO	[jepsen worker 0] jepsen.util: 0	:ok	:echo	{:echo "Please echo 53", :in_reply_to 47, :msg_id 47, :type "echo_ok"}
2023-04-30 17:35:17,891{GMT}	INFO	[jepsen worker 0] jepsen.util: 0	:invoke	:echo	"Please echo 119"
2023-04-30 17:35:17,893{GMT}	INFO	[jepsen worker 0] jepsen.util: 0	:ok	:echo	{:echo "Please echo 119", :in_reply_to 48, :msg_id 48, :type "echo_ok"}
2023-04-30 17:35:18,189{GMT}	INFO	[jepsen worker 0] jepsen.util: 0	:invoke	:echo	"Please echo 59"
2023-04-30 17:35:18,193{GMT}	INFO	[jepsen worker 0] jepsen.util: 0	:ok	:echo	{:echo "Please echo 59", :in_reply_to 49, :msg_id 49, :type "echo_ok"}
2023-04-30 17:35:18,229{GMT}	INFO	[jepsen worker 0] jepsen.util: 0	:invoke	:echo	"Please echo 125"
2023-04-30 17:35:18,231{GMT}	INFO	[jepsen worker 0] jepsen.util: 0	:ok	:echo	{:echo "Please echo 125", :in_reply_to 50, :msg_id 50, :type "echo_ok"}
2023-04-30 17:35:18,420{GMT}	INFO	[jepsen worker 0] jepsen.util: 0	:invoke	:echo	"Please echo 120"
2023-04-30 17:35:18,423{GMT}	INFO	[jepsen worker 0] jepsen.util: 0	:ok	:echo	{:echo "Please echo 120", :in_reply_to 51, :msg_id 51, :type "echo_ok"}
2023-04-30 17:35:18,441{GMT}	INFO	[jepsen test runner] jepsen.core: Run complete, writing
2023-04-30 17:35:18,498{GMT}	INFO	[jepsen node n0] maelstrom.db: Tearing down n0
2023-04-30 17:35:20,423{GMT}	INFO	[jepsen node n0] maelstrom.net: Shutting down Maelstrom network
2023-04-30 17:35:20,424{GMT}	INFO	[jepsen test runner] jepsen.core: Analyzing...
2023-04-30 17:35:21,138{GMT}	INFO	[jepsen test runner] jepsen.core: Analysis complete
2023-04-30 17:35:21,146{GMT}	INFO	[jepsen results] jepsen.store: Wrote /Users/hangwang/Code/go/src/maelstrom-unique-id-generation/store/echo/20230430T173506.383-0400/results.edn
2023-04-30 17:35:21,162{GMT}	INFO	[jepsen test runner] jepsen.core: {:perf {:latency-graph {:valid? true},
        :rate-graph {:valid? true},
        :valid? true},
 :timeline {:valid? true},
 :exceptions {:valid? true},
 :stats {:valid? true,
         :count 51,
         :ok-count 51,
         :fail-count 0,
         :info-count 0,
         :by-f {:echo {:valid? true,
                       :count 51,
                       :ok-count 51,
                       :fail-count 0,
                       :info-count 0}}},
 :availability {:valid? true, :ok-fraction 1.0},
 :net {:all {:send-count 104,
             :recv-count 104,
             :msg-count 104,
             :msgs-per-op 2.0392158},
       :clients {:send-count 104, :recv-count 104, :msg-count 104},
       :servers {:send-count 0,
                 :recv-count 0,
                 :msg-count 0,
                 :msgs-per-op 0.0},
       :valid? true},
 :workload {:valid? true, :errors ()},
 :valid? true}


Everything looks good! ヽ(‘ー`)ノ
